<?xml version="1.0" encoding="UTF-8"?>
<testsuite xmlns:xsi="http://www.w3.org/2001/XMLSchema-instance" xsi:noNamespaceSchemaLocation="https://maven.apache.org/surefire/maven-surefire-plugin/xsd/surefire-test-report-3.0.xsd" version="3.0" name="dev.mehmet.movies.MoviesApplicationTests" time="6.063" tests="1" errors="0" skipped="0" failures="0">
  <properties>
[...]
</properties>
  <testcase name="contextLoads" classname="dev.mehmet.movies.MoviesApplicationTests" time="1.459">
    <system-out><![CDATA[16:12:00.134 [main] INFO org.springframework.test.context.support.AnnotationConfigContextLoaderUtils -- Could not detect default configuration classes for test class [dev.mehmet.movies.MoviesApplicationTests]: MoviesApplicationTests does not declare any static, non-private, non-final, nested classes annotated with @Configuration.
16:12:00.361 [main] INFO org.springframework.boot.test.context.SpringBootTestContextBootstrapper -- Found @SpringBootConfiguration dev.mehmet.movies.MoviesApplication for test class dev.mehmet.movies.MoviesApplicationTests
16:12:00.687 [main] INFO org.springframework.boot.devtools.restart.RestartApplicationListener -- Restart disabled due to context in which it is running

  .   ____          _            __ _ _
 /\\ / ___'_ __ _ _(_)_ __  __ _ \ \ \ \
( ( )\___ | '_ | '_| | '_ \/ _` | \ \ \ \
 \\/  ___)| |_)| | | | | || (_| |  ) ) ) )
  '  |____| .__|_| |_|_| |_\__, | / / / /
 =========|_|==============|___/=/_/_/_/
 :: Spring Boot ::                (v3.1.5)

2023-10-26T16:12:01.110+02:00  INFO 26832 --- [           main] d.mehmet.movies.MoviesApplicationTests   : Starting MoviesApplicationTests using Java 19.0.1 with PID 26832 (started by mehme in C:\react-java\movies)
2023-10-26T16:12:01.112+02:00  INFO 26832 --- [           main] d.mehmet.movies.MoviesApplicationTests   : No active profile set, falling back to 1 default profile: "default"
2023-10-26T16:12:02.007+02:00  INFO 26832 --- [           main] .s.d.r.c.RepositoryConfigurationDelegate : Bootstrapping Spring Data MongoDB repositories in DEFAULT mode.
2023-10-26T16:12:02.102+02:00  INFO 26832 --- [           main] .s.d.r.c.RepositoryConfigurationDelegate : Finished Spring Data repository scanning in 87 ms. Found 2 MongoDB repository interfaces.
2023-10-26T16:12:02.922+02:00  INFO 26832 --- [zkm.mongodb.net] org.mongodb.driver.cluster               : Adding discovered server ac-k9mobpe-shard-00-02.7pjczkm.mongodb.net:27017 to client view of cluster
2023-10-26T16:12:02.933+02:00  INFO 26832 --- [           main] org.mongodb.driver.client                : MongoClient with metadata {"driver": {"name": "mongo-java-driver|sync|spring-boot", "version": "4.9.1"}, "os": {"type": "Windows", "name": "Windows 11", "architecture": "amd64", "version": "10.0"}, "platform": "Java/Oracle Corporation/19.0.1+10-21"} created with settings MongoClientSettings{readPreference=primary, writeConcern=WriteConcern{w=null, wTimeout=null ms, journal=null}, retryWrites=true, retryReads=true, readConcern=ReadConcern{level=null}, credential=MongoCredential{mechanism=null, userName='mehmetdurna0011', source='admin', password=<hidden>, mechanismProperties=<hidden>}, streamFactoryFactory=null, commandListeners=[], codecRegistry=ProvidersCodecRegistry{codecProviders=[ValueCodecProvider{}, BsonValueCodecProvider{}, DBRefCodecProvider{}, DBObjectCodecProvider{}, DocumentCodecProvider{}, CollectionCodecProvider{}, IterableCodecProvider{}, MapCodecProvider{}, GeoJsonCodecProvider{}, GridFSFileCodecProvider{}, Jsr310CodecProvider{}, JsonObjectCodecProvider{}, BsonCodecProvider{}, EnumCodecProvider{}, com.mongodb.client.model.mql.ExpressionCodecProvider@3625a016, com.mongodb.Jep395RecordCodecProvider@267cde2e]}, loggerSettings=LoggerSettings{maxDocumentLength=1000}, clusterSettings={hosts=[127.0.0.1:27017], srvHost=cluster0.7pjczkm.mongodb.net, srvServiceName=mongodb, mode=MULTIPLE, requiredClusterType=REPLICA_SET, requiredReplicaSetName='atlas-8gt3hp-shard-0', serverSelector='null', clusterListeners='[]', serverSelectionTimeout='30000 ms', localThreshold='30000 ms'}, socketSettings=SocketSettings{connectTimeoutMS=10000, readTimeoutMS=0, receiveBufferSize=0, sendBufferSize=0}, heartbeatSocketSettings=SocketSettings{connectTimeoutMS=10000, readTimeoutMS=10000, receiveBufferSize=0, sendBufferSize=0}, connectionPoolSettings=ConnectionPoolSettings{maxSize=100, minSize=0, maxWaitTimeMS=120000, maxConnectionLifeTimeMS=0, maxConnectionIdleTimeMS=0, maintenanceInitialDelayMS=0, maintenanceFrequencyMS=60000, connectionPoolListeners=[], maxConnecting=2}, serverSettings=ServerSettings{heartbeatFrequencyMS=10000, minHeartbeatFrequencyMS=500, serverListeners='[]', serverMonitorListeners='[]'}, sslSettings=SslSettings{enabled=true, invalidHostNameAllowed=false, context=null}, applicationName='null', compressorList=[], uuidRepresentation=JAVA_LEGACY, serverApi=null, autoEncryptionSettings=null, contextProvider=null}
2023-10-26T16:12:02.959+02:00  INFO 26832 --- [zkm.mongodb.net] org.mongodb.driver.cluster               : Adding discovered server ac-k9mobpe-shard-00-00.7pjczkm.mongodb.net:27017 to client view of cluster
2023-10-26T16:12:02.961+02:00  INFO 26832 --- [zkm.mongodb.net] org.mongodb.driver.cluster               : Adding discovered server ac-k9mobpe-shard-00-01.7pjczkm.mongodb.net:27017 to client view of cluster
2023-10-26T16:12:03.582+02:00  INFO 26832 --- [ngodb.net:27017] org.mongodb.driver.cluster               : Monitor thread successfully connected to server with description ServerDescription{address=ac-k9mobpe-shard-00-00.7pjczkm.mongodb.net:27017, type=REPLICA_SET_SECONDARY, state=CONNECTED, ok=true, minWireVersion=0, maxWireVersion=17, maxDocumentSize=16777216, logicalSessionTimeoutMinutes=30, roundTripTimeNanos=326152300, setName='atlas-8gt3hp-shard-0', canonicalAddress=ac-k9mobpe-shard-00-00.7pjczkm.mongodb.net:27017, hosts=[ac-k9mobpe-shard-00-00.7pjczkm.mongodb.net:27017, ac-k9mobpe-shard-00-01.7pjczkm.mongodb.net:27017, ac-k9mobpe-shard-00-02.7pjczkm.mongodb.net:27017], passives=[], arbiters=[], primary='ac-k9mobpe-shard-00-01.7pjczkm.mongodb.net:27017', tagSet=TagSet{[Tag{name='nodeType', value='ELECTABLE'}, Tag{name='provider', value='AWS'}, Tag{name='region', value='EU_CENTRAL_1'}, Tag{name='workloadType', value='OPERATIONAL'}]}, electionId=null, setVersion=10, topologyVersion=TopologyVersion{processId=653167e266d490b4fead427b, counter=4}, lastWriteDate=Thu Oct 26 16:12:03 CEST 2023, lastUpdateTimeNanos=271129027283900}
2023-10-26T16:12:03.582+02:00  INFO 26832 --- [ngodb.net:27017] org.mongodb.driver.cluster               : Monitor thread successfully connected to server with description ServerDescription{address=ac-k9mobpe-shard-00-01.7pjczkm.mongodb.net:27017, type=REPLICA_SET_PRIMARY, state=CONNECTED, ok=true, minWireVersion=0, maxWireVersion=17, maxDocumentSize=16777216, logicalSessionTimeoutMinutes=30, roundTripTimeNanos=310483801, setName='atlas-8gt3hp-shard-0', canonicalAddress=ac-k9mobpe-shard-00-01.7pjczkm.mongodb.net:27017, hosts=[ac-k9mobpe-shard-00-00.7pjczkm.mongodb.net:27017, ac-k9mobpe-shard-00-01.7pjczkm.mongodb.net:27017, ac-k9mobpe-shard-00-02.7pjczkm.mongodb.net:27017], passives=[], arbiters=[], primary='ac-k9mobpe-shard-00-01.7pjczkm.mongodb.net:27017', tagSet=TagSet{[Tag{name='nodeType', value='ELECTABLE'}, Tag{name='provider', value='AWS'}, Tag{name='region', value='EU_CENTRAL_1'}, Tag{name='workloadType', value='OPERATIONAL'}]}, electionId=7fffffff0000000000000177, setVersion=10, topologyVersion=TopologyVersion{processId=653169ae94ad33f92f12054c, counter=6}, lastWriteDate=Thu Oct 26 16:12:03 CEST 2023, lastUpdateTimeNanos=271129027458600}
2023-10-26T16:12:03.583+02:00  INFO 26832 --- [ngodb.net:27017] org.mongodb.driver.cluster               : Monitor thread successfully connected to server with description ServerDescription{address=ac-k9mobpe-shard-00-02.7pjczkm.mongodb.net:27017, type=REPLICA_SET_SECONDARY, state=CONNECTED, ok=true, minWireVersion=0, maxWireVersion=17, maxDocumentSize=16777216, logicalSessionTimeoutMinutes=30, roundTripTimeNanos=332492300, setName='atlas-8gt3hp-shard-0', canonicalAddress=ac-k9mobpe-shard-00-02.7pjczkm.mongodb.net:27017, hosts=[ac-k9mobpe-shard-00-00.7pjczkm.mongodb.net:27017, ac-k9mobpe-shard-00-01.7pjczkm.mongodb.net:27017, ac-k9mobpe-shard-00-02.7pjczkm.mongodb.net:27017], passives=[], arbiters=[], primary='ac-k9mobpe-shard-00-01.7pjczkm.mongodb.net:27017', tagSet=TagSet{[Tag{name='nodeType', value='ELECTABLE'}, Tag{name='provider', value='AWS'}, Tag{name='region', value='EU_CENTRAL_1'}, Tag{name='workloadType', value='OPERATIONAL'}]}, electionId=null, setVersion=10, topologyVersion=TopologyVersion{processId=65316b6eea5896d3725cea56, counter=3}, lastWriteDate=Thu Oct 26 16:12:03 CEST 2023, lastUpdateTimeNanos=271129027283800}
2023-10-26T16:12:03.586+02:00  INFO 26832 --- [ngodb.net:27017] org.mongodb.driver.cluster               : Discovered replica set primary ac-k9mobpe-shard-00-01.7pjczkm.mongodb.net:27017 with max election id 7fffffff0000000000000177 and max set version 10
2023-10-26T16:12:04.419+02:00  INFO 26832 --- [           main] d.mehmet.movies.MoviesApplicationTests   : Started MoviesApplicationTests in 3.759 seconds (process running for 5.737)
]]></system-out>
  </testcase>
</testsuite>